[21780:21196:0215/062809.245:INFO:CONSOLE(1)] "[object HTMLImageElement]", source: https://easygoingtouchybribe.com/b6/06/da/b606da005e381be01bb73a9757168ef9.js (1)
[21780:21196:0215/062809.971:INFO:CONSOLE(1)] "[object HTMLImageElement]", source: https://pianistrefutationgoose.com/sfp.js (1)
[21780:21196:0215/062810.053:ERROR:device_event_log_impl.cc(211)] [06:28:10.053] Bluetooth: bluetooth_adapter_winrt.cc:1072 Getting Default Adapter failed.
[21780:21196:0215/062811.396:INFO:CONSOLE(1)] "[object HTMLImageElement]", source: https://easygoingtouchybribe.com/b6/06/da/b606da005e381be01bb73a9757168ef9.js (1)
[21780:21196:0215/062811.877:INFO:CONSOLE(1)] "[object HTMLImageElement]", source: https://pianistrefutationgoose.com/sfp.js (1)
[21780:21196:0215/062812.683:INFO:CONSOLE(1)] "[object HTMLImageElement]", source: https://easygoingtouchybribe.com/b6/06/da/b606da005e381be01bb73a9757168ef9.js (1)
[21780:21196:0215/062813.199:INFO:CONSOLE(1)] "[object HTMLImageElement]", source: https://pianistrefutationgoose.com/sfp.js (1)
[21780:21196:0215/062813.437:INFO:CONSOLE(0)] "Launched external handler for 'magnet:?xt=urn:btih:af5f653390552b92ba400f8f958758baace58962&dn=O+Grande+Truque+%282006%29+BDRip+bluray+720p+dublado+-+derew&tr=udp%3A%2F%2Ftracker.openbittorrent.com%3A80&tr=udp%3A%2F%2Ftracker.publicbt.com%3A80&tr=udp%3A%2F%2Ftracker.istole.it%3A6969&tr=udp%3A%2F%2Ftracker.ccc.de%3A80&tr=udp%3A%2F%2Fopen.demonii.com%3A1337'.", source: https://torrentool.org/o-grande-truque-download-torrent/ (0)
[21780:21196:0215/062813.542:INFO:CONSOLE(0)] "Launched external handler for 'magnet:?xt=urn:btih:af5f653390552b92ba400f8f958758baace58962&dn=O+Grande+Truque+%282006%29+BDRip+bluray+720p+dublado+-+derew&tr=udp%3A%2F%2Ftracker.openbittorrent.com%3A80&tr=udp%3A%2F%2Ftracker.publicbt.com%3A80&tr=udp%3A%2F%2Ftracker.istole.it%3A6969&tr=udp%3A%2F%2Ftracker.ccc.de%3A80&tr=udp%3A%2F%2Fopen.demonii.com%3A1337'.", source: https://torrentool.org/o-grande-truque-download-torrent/ (0)
[21780:21196:0215/062814.690:INFO:CONSOLE(2)] "JQMIGRATE: Migrate is installed, version 1.4.1", source: https://andrerodriguesimoveis.com.br/wp-includes/js/jquery/jquery-migrate.min.js?ver=1.4.1 (2)
[21780:21196:0215/062814.718:INFO:CONSOLE(1)] "Choice CMP v1 is deprecated, please upgrade to Choice CMP v2. https://help.quantcast.com/hc/en-us/articles/360057828994-Quantcast-Choice-Deprecates-TCF-v1-1-version-with-holistic-move-to-TCF-v2-0", source: https://quantcast.mgr.consensu.org/cmp.js (1)
[21780:21196:0215/062814.966:INFO:CONSOLE(2)] "JQMIGRATE: Migrate is installed, version 1.4.1", source: https://andrerodriguesimoveis.com.br/wp-includes/js/jquery/jquery-migrate.min.js?ver=1.4.1 (2)
[21780:21196:0215/062815.065:INFO:CONSOLE(1)] "Choice CMP v1 is deprecated, please upgrade to Choice CMP v2. https://help.quantcast.com/hc/en-us/articles/360057828994-Quantcast-Choice-Deprecates-TCF-v1-1-version-with-holistic-move-to-TCF-v2-0", source: https://quantcast.mgr.consensu.org/cmp.js (1)
[21780:21196:0215/062815.404:INFO:CONSOLE(1)] "The function undefined is missing required parameters", source: https://quantcast.mgr.consensu.org/tcfv2/23/cmp2.js (1)
[21780:21196:0215/062815.404:INFO:CONSOLE(1)] "The function undefined is missing required parameters", source: https://quantcast.mgr.consensu.org/tcfv2/23/cmp2.js (1)
[21780:21196:0215/062815.955:INFO:CONSOLE(2)] "ERROR Mon Feb 15 2021 06:28:15 GMT-0300 (Horário Padrão de Brasília) [object Object]", source: https://secure.quantserve.com/quant.js (2)
[21780:21196:0215/062815.958:INFO:CONSOLE(2)] "ERROR Mon Feb 15 2021 06:28:15 GMT-0300 (Horário Padrão de Brasília) [object Object]", source: https://secure.quantserve.com/quant.js (2)
[21780:21196:0215/062816.385:INFO:CONSOLE(1)] "The function undefined is missing required parameters", source: https://quantcast.mgr.consensu.org/tcfv2/23/cmp2.js (1)
[21780:21196:0215/062816.385:INFO:CONSOLE(1)] "The function undefined is missing required parameters", source: https://quantcast.mgr.consensu.org/tcfv2/23/cmp2.js (1)
[21780:21196:0215/062817.153:WARNING:pref_notifier_impl.cc(40)] Pref observer for media_router.cast_allow_all_ips found at shutdown.
